DEBUG:root:robot pos_x= 0,robot pos_y=0
DEBUG:root:capteur -> (0.5,0.0)
DEBUG:root:capteur -> (1.0,0.0)
DEBUG:root:capteur -> (1.5,0.0)
DEBUG:root:capteur -> (2.0,0.0)
DEBUG:root:capteur -> (2.5,0.0)
DEBUG:root:capteur -> (3.0,0.0)
DEBUG:root:capteur -> (3.5,0.0)
DEBUG:root:capteur -> (4.0,0.0)
DEBUG:root:capteur -> (4.5,0.0)
DEBUG:root:capteur -> (5.0,0.0)
DEBUG:root:capteur -> (5.5,0.0)
DEBUG:root:capteur -> (6.0,0.0)
DEBUG:root:capteur -> (6.5,0.0)
DEBUG:root:obstacle à : 6.5
DEBUG:root:6.5
DEBUG:root:robot pos_x= 2.5,robot pos_y=0.0
DEBUG:root:capteur -> (3.0,0.0)
DEBUG:root:capteur -> (3.5,0.0)
DEBUG:root:capteur -> (4.0,0.0)
DEBUG:root:capteur -> (4.5,0.0)
DEBUG:root:capteur -> (5.0,0.0)
DEBUG:root:capteur -> (5.5,0.0)
DEBUG:root:capteur -> (6.0,0.0)
DEBUG:root:capteur -> (6.5,0.0)
DEBUG:root:obstacle à : 4.0
DEBUG:root:4.0
DEBUG:root:robot pos_x= 2.578539816339745,robot pos_y=0.0
DEBUG:root:capteur -> (2.578539816339745,0.5)
DEBUG:root:capteur -> (2.578539816339745,1.0)
DEBUG:root:capteur -> (2.578539816339745,1.5)
DEBUG:root:capteur -> (2.578539816339745,2.0)
DEBUG:root:capteur -> (2.578539816339745,2.5)
DEBUG:root:capteur -> (2.578539816339745,3.0)
DEBUG:root:capteur -> (2.578539816339745,3.5)
DEBUG:root:capteur -> (2.578539816339745,4.0)
DEBUG:root:capteur -> (2.578539816339745,4.5)
DEBUG:root:capteur -> (2.578539816339745,5.0)
DEBUG:root:capteur -> (2.578539816339745,5.5)
DEBUG:root:capteur -> (2.578539816339745,6.0)
DEBUG:root:capteur -> (2.578539816339745,6.5)
DEBUG:root:capteur -> (2.578539816339745,7.0)
DEBUG:root:capteur -> (2.578539816339745,7.5)
DEBUG:root:capteur -> (2.578539816339745,8.0)
DEBUG:root:**** Rien à l'horizon ****
DEBUG:root:8
DEBUG:root:robot pos_x= 2.5785398163397457,robot pos_y=2.5
DEBUG:root:capteur -> (2.5785398163397457,3.0)
DEBUG:root:capteur -> (2.5785398163397457,3.5)
DEBUG:root:capteur -> (2.5785398163397457,4.0)
DEBUG:root:capteur -> (2.5785398163397457,4.5)
DEBUG:root:capteur -> (2.5785398163397457,5.0)
DEBUG:root:capteur -> (2.5785398163397457,5.5)
DEBUG:root:capteur -> (2.5785398163397457,6.0)
DEBUG:root:capteur -> (2.5785398163397457,6.5)
DEBUG:root:capteur -> (2.5785398163397457,7.0)
DEBUG:root:capteur -> (2.5785398163397457,7.5)
DEBUG:root:capteur -> (2.5785398163397457,8.0)
DEBUG:root:capteur -> (2.5785398163397457,8.5)
DEBUG:root:capteur -> (2.5785398163397457,9.0)
DEBUG:root:capteur -> (2.5785398163397457,9.5)
DEBUG:root:capteur -> (2.5785398163397457,10.0)
DEBUG:root:capteur -> (2.5785398163397457,10.5)
DEBUG:root:obstacle à : 8.0
DEBUG:root:8.0
DEBUG:root:robot pos_x= 2.5785398163397466,robot pos_y=5.0
DEBUG:root:capteur -> (2.5785398163397466,5.5)
DEBUG:root:capteur -> (2.5785398163397466,6.0)
DEBUG:root:capteur -> (2.5785398163397466,6.5)
DEBUG:root:capteur -> (2.5785398163397466,7.0)
DEBUG:root:capteur -> (2.5785398163397466,7.5)
DEBUG:root:capteur -> (2.5785398163397466,8.0)
DEBUG:root:capteur -> (2.5785398163397466,8.5)
DEBUG:root:capteur -> (2.5785398163397466,9.0)
DEBUG:root:capteur -> (2.5785398163397466,9.5)
DEBUG:root:capteur -> (2.5785398163397466,10.0)
DEBUG:root:capteur -> (2.5785398163397466,10.5)
DEBUG:root:obstacle à : 5.5
DEBUG:root:5.5
DEBUG:root:robot pos_x= 2.5785398163397475,robot pos_y=7.5
DEBUG:root:capteur -> (2.5785398163397475,8.0)
DEBUG:root:capteur -> (2.5785398163397475,8.5)
DEBUG:root:capteur -> (2.5785398163397475,9.0)
DEBUG:root:capteur -> (2.5785398163397475,9.5)
DEBUG:root:capteur -> (2.5785398163397475,10.0)
DEBUG:root:capteur -> (2.5785398163397475,10.5)
DEBUG:root:obstacle à : 3.0
DEBUG:root:3.0
DEBUG:root:robot pos_x= 2.5785398163397475,robot pos_y=7.578539816339745
DEBUG:root:capteur -> (2.0785398163397475,7.578539816339745)
DEBUG:root:capteur -> (1.5785398163397475,7.578539816339745)
DEBUG:root:capteur -> (1.0785398163397475,7.578539816339745)
DEBUG:root:capteur -> (0.5785398163397475,7.578539816339745)
DEBUG:root:capteur -> (0.07853981633974749,7.578539816339745)
DEBUG:root:capteur -> (-0.4214601836602525,7.578539816339745)
DEBUG:root:capteur -> (-0.9214601836602525,7.578539816339745)
DEBUG:root:capteur -> (-1.4214601836602525,7.578539816339745)
DEBUG:root:capteur -> (-1.9214601836602525,7.578539816339745)
DEBUG:root:capteur -> (-2.4214601836602525,7.578539816339745)
DEBUG:root:capteur -> (-2.9214601836602525,7.578539816339745)
DEBUG:root:capteur -> (-3.4214601836602525,7.578539816339745)
DEBUG:root:capteur -> (-3.9214601836602525,7.578539816339745)
DEBUG:root:capteur -> (-4.421460183660253,7.578539816339745)
DEBUG:root:capteur -> (-4.921460183660253,7.578539816339745)
DEBUG:root:capteur -> (-5.421460183660253,7.578539816339745)
DEBUG:root:**** Rien à l'horizon ****
DEBUG:root:8
DEBUG:root:robot pos_x= 0.07853981633974749,robot pos_y=7.578539816339747
DEBUG:root:capteur -> (-0.4214601836602525,7.578539816339747)
DEBUG:root:capteur -> (-0.9214601836602525,7.578539816339747)
DEBUG:root:capteur -> (-1.4214601836602525,7.578539816339747)
DEBUG:root:capteur -> (-1.9214601836602525,7.578539816339747)
DEBUG:root:capteur -> (-2.4214601836602525,7.578539816339747)
DEBUG:root:capteur -> (-2.9214601836602525,7.578539816339747)
DEBUG:root:capteur -> (-3.4214601836602525,7.578539816339747)
DEBUG:root:capteur -> (-3.9214601836602525,7.578539816339747)
DEBUG:root:capteur -> (-4.421460183660253,7.578539816339747)
DEBUG:root:capteur -> (-4.921460183660253,7.578539816339747)
DEBUG:root:capteur -> (-5.421460183660253,7.578539816339747)
DEBUG:root:capteur -> (-5.921460183660253,7.578539816339747)
DEBUG:root:capteur -> (-6.421460183660253,7.578539816339747)
DEBUG:root:capteur -> (-6.921460183660253,7.578539816339747)
DEBUG:root:capteur -> (-7.421460183660253,7.578539816339747)
DEBUG:root:capteur -> (-7.921460183660253,7.578539816339747)
DEBUG:root:**** Rien à l'horizon ****
DEBUG:root:8
DEBUG:root:robot pos_x= -2.4214601836602525,robot pos_y=7.578539816339749
DEBUG:root:capteur -> (-2.9214601836602525,7.578539816339749)
DEBUG:root:capteur -> (-3.4214601836602525,7.578539816339749)
DEBUG:root:capteur -> (-3.9214601836602525,7.578539816339749)
DEBUG:root:capteur -> (-4.421460183660253,7.578539816339749)
DEBUG:root:capteur -> (-4.921460183660253,7.578539816339749)
DEBUG:root:capteur -> (-5.421460183660253,7.578539816339749)
DEBUG:root:capteur -> (-5.921460183660253,7.578539816339749)
DEBUG:root:capteur -> (-6.421460183660253,7.578539816339749)
DEBUG:root:capteur -> (-6.921460183660253,7.578539816339749)
DEBUG:root:capteur -> (-7.421460183660253,7.578539816339749)
DEBUG:root:capteur -> (-7.921460183660253,7.578539816339749)
DEBUG:root:capteur -> (-8.421460183660253,7.578539816339749)
DEBUG:root:capteur -> (-8.921460183660253,7.578539816339749)
DEBUG:root:capteur -> (-9.421460183660253,7.578539816339749)
DEBUG:root:capteur -> (-9.921460183660253,7.578539816339749)
DEBUG:root:capteur -> (-10.421460183660253,7.578539816339749)
DEBUG:root:**** Rien à l'horizon ****
DEBUG:root:8
DEBUG:root:robot pos_x= -4.921460183660253,robot pos_y=7.578539816339751
DEBUG:root:capteur -> (-5.421460183660253,7.578539816339751)
DEBUG:root:capteur -> (-5.921460183660253,7.578539816339751)
DEBUG:root:capteur -> (-6.421460183660253,7.578539816339751)
DEBUG:root:capteur -> (-6.921460183660253,7.578539816339751)
DEBUG:root:capteur -> (-7.421460183660253,7.578539816339751)
DEBUG:root:capteur -> (-7.921460183660253,7.578539816339751)
DEBUG:root:capteur -> (-8.421460183660253,7.578539816339751)
DEBUG:root:capteur -> (-8.921460183660253,7.578539816339751)
DEBUG:root:capteur -> (-9.421460183660253,7.578539816339751)
DEBUG:root:capteur -> (-9.921460183660253,7.578539816339751)
DEBUG:root:capteur -> (-10.421460183660253,7.578539816339751)
DEBUG:root:capteur -> (-10.921460183660253,7.578539816339751)
DEBUG:root:capteur -> (-11.421460183660253,7.578539816339751)
DEBUG:root:capteur -> (-11.921460183660253,7.578539816339751)
DEBUG:root:capteur -> (-12.421460183660253,7.578539816339751)
DEBUG:root:capteur -> (-12.921460183660253,7.578539816339751)
DEBUG:root:**** Rien à l'horizon ****
DEBUG:root:8
DEBUG:root:robot pos_x= -7.421460183660253,robot pos_y=7.578539816339752
DEBUG:root:capteur -> (-7.921460183660253,7.578539816339752)
DEBUG:root:capteur -> (-8.421460183660253,7.578539816339752)
DEBUG:root:capteur -> (-8.921460183660253,7.578539816339752)
DEBUG:root:capteur -> (-9.421460183660253,7.578539816339752)
DEBUG:root:capteur -> (-9.921460183660253,7.578539816339752)
DEBUG:root:capteur -> (-10.421460183660253,7.578539816339752)
DEBUG:root:capteur -> (-10.921460183660253,7.578539816339752)
DEBUG:root:capteur -> (-11.421460183660253,7.578539816339752)
DEBUG:root:capteur -> (-11.921460183660253,7.578539816339752)
DEBUG:root:capteur -> (-12.421460183660253,7.578539816339752)
DEBUG:root:capteur -> (-12.921460183660253,7.578539816339752)
DEBUG:root:capteur -> (-13.421460183660253,7.578539816339752)
DEBUG:root:capteur -> (-13.921460183660253,7.578539816339752)
DEBUG:root:capteur -> (-14.421460183660253,7.578539816339752)
DEBUG:root:capteur -> (-14.921460183660253,7.578539816339752)
DEBUG:root:capteur -> (-15.421460183660253,7.578539816339752)
DEBUG:root:**** Rien à l'horizon ****
DEBUG:root:8
DEBUG:root:robot pos_x= -9.921460183660253,robot pos_y=7.578539816339754
DEBUG:root:capteur -> (-10.421460183660253,7.578539816339754)
DEBUG:root:capteur -> (-10.921460183660253,7.578539816339754)
DEBUG:root:capteur -> (-11.421460183660253,7.578539816339754)
DEBUG:root:capteur -> (-11.921460183660253,7.578539816339754)
DEBUG:root:capteur -> (-12.421460183660253,7.578539816339754)
DEBUG:root:capteur -> (-12.921460183660253,7.578539816339754)
DEBUG:root:capteur -> (-13.421460183660253,7.578539816339754)
DEBUG:root:capteur -> (-13.921460183660253,7.578539816339754)
DEBUG:root:capteur -> (-14.421460183660253,7.578539816339754)
DEBUG:root:capteur -> (-14.921460183660253,7.578539816339754)
DEBUG:root:capteur -> (-15.421460183660253,7.578539816339754)
DEBUG:root:capteur -> (-15.921460183660253,7.578539816339754)
DEBUG:root:capteur -> (-16.42146018366025,7.578539816339754)
DEBUG:root:capteur -> (-16.92146018366025,7.578539816339754)
DEBUG:root:capteur -> (-17.42146018366025,7.578539816339754)
DEBUG:root:capteur -> (-17.92146018366025,7.578539816339754)
DEBUG:root:**** Rien à l'horizon ****
DEBUG:root:8
DEBUG:root:robot pos_x= -12.421460183660253,robot pos_y=7.578539816339756
DEBUG:root:capteur -> (-12.921460183660253,7.578539816339756)
DEBUG:root:capteur -> (-13.421460183660253,7.578539816339756)
DEBUG:root:capteur -> (-13.921460183660253,7.578539816339756)
DEBUG:root:capteur -> (-14.421460183660253,7.578539816339756)
DEBUG:root:capteur -> (-14.921460183660253,7.578539816339756)
DEBUG:root:capteur -> (-15.421460183660253,7.578539816339756)
DEBUG:root:capteur -> (-15.921460183660253,7.578539816339756)
DEBUG:root:capteur -> (-16.42146018366025,7.578539816339756)
DEBUG:root:capteur -> (-16.92146018366025,7.578539816339756)
DEBUG:root:capteur -> (-17.42146018366025,7.578539816339756)
DEBUG:root:capteur -> (-17.92146018366025,7.578539816339756)
DEBUG:root:capteur -> (-18.42146018366025,7.578539816339756)
DEBUG:root:capteur -> (-18.92146018366025,7.578539816339756)
DEBUG:root:capteur -> (-19.42146018366025,7.578539816339756)
DEBUG:root:capteur -> (-19.92146018366025,7.578539816339756)
DEBUG:root:capteur -> (-20.42146018366025,7.578539816339756)
DEBUG:root:**** Rien à l'horizon ****
DEBUG:root:8
DEBUG:root:robot pos_x= -14.921460183660253,robot pos_y=7.578539816339758
DEBUG:root:capteur -> (-15.421460183660253,7.578539816339758)
DEBUG:root:capteur -> (-15.921460183660253,7.578539816339758)
DEBUG:root:capteur -> (-16.42146018366025,7.578539816339758)
DEBUG:root:capteur -> (-16.92146018366025,7.578539816339758)
DEBUG:root:capteur -> (-17.42146018366025,7.578539816339758)
DEBUG:root:capteur -> (-17.92146018366025,7.578539816339758)
DEBUG:root:capteur -> (-18.42146018366025,7.578539816339758)
DEBUG:root:capteur -> (-18.92146018366025,7.578539816339758)
DEBUG:root:capteur -> (-19.42146018366025,7.578539816339758)
DEBUG:root:capteur -> (-19.92146018366025,7.578539816339758)
DEBUG:root:capteur -> (-20.42146018366025,7.578539816339758)
DEBUG:root:capteur -> (-20.92146018366025,7.578539816339758)
DEBUG:root:capteur -> (-21.42146018366025,7.578539816339758)
DEBUG:root:capteur -> (-21.92146018366025,7.578539816339758)
DEBUG:root:capteur -> (-22.42146018366025,7.578539816339758)
DEBUG:root:capteur -> (-22.92146018366025,7.578539816339758)
DEBUG:root:**** Rien à l'horizon ****
DEBUG:root:8
DEBUG:root:robot pos_x= -17.42146018366025,robot pos_y=7.5785398163397595
DEBUG:root:capteur -> (-17.92146018366025,7.5785398163397595)
DEBUG:root:capteur -> (-18.42146018366025,7.5785398163397595)
DEBUG:root:capteur -> (-18.92146018366025,7.5785398163397595)
DEBUG:root:capteur -> (-19.42146018366025,7.5785398163397595)
DEBUG:root:capteur -> (-19.92146018366025,7.5785398163397595)
DEBUG:root:capteur -> (-20.42146018366025,7.5785398163397595)
DEBUG:root:capteur -> (-20.92146018366025,7.5785398163397595)
DEBUG:root:capteur -> (-21.42146018366025,7.5785398163397595)
DEBUG:root:capteur -> (-21.92146018366025,7.5785398163397595)
DEBUG:root:capteur -> (-22.42146018366025,7.5785398163397595)
DEBUG:root:capteur -> (-22.92146018366025,7.5785398163397595)
DEBUG:root:capteur -> (-23.42146018366025,7.5785398163397595)
DEBUG:root:capteur -> (-23.92146018366025,7.5785398163397595)
DEBUG:root:capteur -> (-24.42146018366025,7.5785398163397595)
DEBUG:root:capteur -> (-24.92146018366025,7.5785398163397595)
DEBUG:root:capteur -> (-25.42146018366025,7.5785398163397595)
DEBUG:root:**** Rien à l'horizon ****
DEBUG:root:8
DEBUG:root:robot pos_x= -19.92146018366025,robot pos_y=7.578539816339761
DEBUG:root:capteur -> (-20.42146018366025,7.578539816339761)
DEBUG:root:capteur -> (-20.92146018366025,7.578539816339761)
DEBUG:root:capteur -> (-21.42146018366025,7.578539816339761)
DEBUG:root:capteur -> (-21.92146018366025,7.578539816339761)
DEBUG:root:capteur -> (-22.42146018366025,7.578539816339761)
DEBUG:root:capteur -> (-22.92146018366025,7.578539816339761)
DEBUG:root:capteur -> (-23.42146018366025,7.578539816339761)
DEBUG:root:capteur -> (-23.92146018366025,7.578539816339761)
DEBUG:root:capteur -> (-24.42146018366025,7.578539816339761)
DEBUG:root:capteur -> (-24.92146018366025,7.578539816339761)
DEBUG:root:capteur -> (-25.42146018366025,7.578539816339761)
DEBUG:root:capteur -> (-25.92146018366025,7.578539816339761)
DEBUG:root:capteur -> (-26.42146018366025,7.578539816339761)
DEBUG:root:capteur -> (-26.92146018366025,7.578539816339761)
DEBUG:root:capteur -> (-27.42146018366025,7.578539816339761)
DEBUG:root:capteur -> (-27.92146018366025,7.578539816339761)
DEBUG:root:**** Rien à l'horizon ****
DEBUG:root:8
DEBUG:root:robot pos_x= -22.42146018366025,robot pos_y=7.578539816339763
DEBUG:root:capteur -> (-22.92146018366025,7.578539816339763)
DEBUG:root:capteur -> (-23.42146018366025,7.578539816339763)
DEBUG:root:capteur -> (-23.92146018366025,7.578539816339763)
DEBUG:root:capteur -> (-24.42146018366025,7.578539816339763)
DEBUG:root:capteur -> (-24.92146018366025,7.578539816339763)
DEBUG:root:capteur -> (-25.42146018366025,7.578539816339763)
DEBUG:root:capteur -> (-25.92146018366025,7.578539816339763)
DEBUG:root:capteur -> (-26.42146018366025,7.578539816339763)
DEBUG:root:capteur -> (-26.92146018366025,7.578539816339763)
DEBUG:root:capteur -> (-27.42146018366025,7.578539816339763)
DEBUG:root:capteur -> (-27.92146018366025,7.578539816339763)
DEBUG:root:capteur -> (-28.42146018366025,7.578539816339763)
DEBUG:root:capteur -> (-28.92146018366025,7.578539816339763)
DEBUG:root:capteur -> (-29.42146018366025,7.578539816339763)
DEBUG:root:capteur -> (-29.92146018366025,7.578539816339763)
DEBUG:root:capteur -> (-30.42146018366025,7.578539816339763)
DEBUG:root:**** Rien à l'horizon ****
DEBUG:root:8
DEBUG:root:robot pos_x= -24.92146018366025,robot pos_y=7.578539816339765
DEBUG:root:capteur -> (-25.42146018366025,7.578539816339765)
DEBUG:root:capteur -> (-25.92146018366025,7.578539816339765)
DEBUG:root:capteur -> (-26.42146018366025,7.578539816339765)
DEBUG:root:capteur -> (-26.92146018366025,7.578539816339765)
DEBUG:root:capteur -> (-27.42146018366025,7.578539816339765)
DEBUG:root:capteur -> (-27.92146018366025,7.578539816339765)
DEBUG:root:capteur -> (-28.42146018366025,7.578539816339765)
DEBUG:root:capteur -> (-28.92146018366025,7.578539816339765)
DEBUG:root:capteur -> (-29.42146018366025,7.578539816339765)
DEBUG:root:capteur -> (-29.92146018366025,7.578539816339765)
DEBUG:root:capteur -> (-30.42146018366025,7.578539816339765)
DEBUG:root:capteur -> (-30.92146018366025,7.578539816339765)
DEBUG:root:capteur -> (-31.42146018366025,7.578539816339765)
DEBUG:root:capteur -> (-31.92146018366025,7.578539816339765)
DEBUG:root:capteur -> (-32.42146018366025,7.578539816339765)
DEBUG:root:capteur -> (-32.92146018366025,7.578539816339765)
DEBUG:root:**** Rien à l'horizon ****
DEBUG:root:8
DEBUG:root:robot pos_x= -27.42146018366025,robot pos_y=7.578539816339767
DEBUG:root:capteur -> (-27.92146018366025,7.578539816339767)
DEBUG:root:capteur -> (-28.42146018366025,7.578539816339767)
DEBUG:root:capteur -> (-28.92146018366025,7.578539816339767)
DEBUG:root:capteur -> (-29.42146018366025,7.578539816339767)
DEBUG:root:capteur -> (-29.92146018366025,7.578539816339767)
DEBUG:root:capteur -> (-30.42146018366025,7.578539816339767)
DEBUG:root:capteur -> (-30.92146018366025,7.578539816339767)
DEBUG:root:capteur -> (-31.42146018366025,7.578539816339767)
DEBUG:root:capteur -> (-31.92146018366025,7.578539816339767)
DEBUG:root:capteur -> (-32.42146018366025,7.578539816339767)
DEBUG:root:capteur -> (-32.92146018366025,7.578539816339767)
DEBUG:root:capteur -> (-33.42146018366025,7.578539816339767)
DEBUG:root:capteur -> (-33.92146018366025,7.578539816339767)
DEBUG:root:capteur -> (-34.42146018366025,7.578539816339767)
DEBUG:root:capteur -> (-34.92146018366025,7.578539816339767)
DEBUG:root:capteur -> (-35.42146018366025,7.578539816339767)
DEBUG:root:**** Rien à l'horizon ****
DEBUG:root:8
DEBUG:root:robot pos_x= -29.92146018366025,robot pos_y=7.578539816339768
DEBUG:root:capteur -> (-30.42146018366025,7.578539816339768)
DEBUG:root:capteur -> (-30.92146018366025,7.578539816339768)
DEBUG:root:capteur -> (-31.42146018366025,7.578539816339768)
DEBUG:root:capteur -> (-31.92146018366025,7.578539816339768)
DEBUG:root:capteur -> (-32.42146018366025,7.578539816339768)
DEBUG:root:capteur -> (-32.92146018366025,7.578539816339768)
DEBUG:root:capteur -> (-33.42146018366025,7.578539816339768)
DEBUG:root:capteur -> (-33.92146018366025,7.578539816339768)
DEBUG:root:capteur -> (-34.42146018366025,7.578539816339768)
DEBUG:root:capteur -> (-34.92146018366025,7.578539816339768)
DEBUG:root:capteur -> (-35.42146018366025,7.578539816339768)
DEBUG:root:capteur -> (-35.92146018366025,7.578539816339768)
DEBUG:root:capteur -> (-36.42146018366025,7.578539816339768)
DEBUG:root:capteur -> (-36.92146018366025,7.578539816339768)
DEBUG:root:capteur -> (-37.42146018366025,7.578539816339768)
DEBUG:root:capteur -> (-37.92146018366025,7.578539816339768)
DEBUG:root:**** Rien à l'horizon ****
DEBUG:root:8
DEBUG:root:robot pos_x= -32.42146018366025,robot pos_y=7.57853981633977
DEBUG:root:capteur -> (-32.92146018366025,7.57853981633977)
DEBUG:root:capteur -> (-33.42146018366025,7.57853981633977)
DEBUG:root:capteur -> (-33.92146018366025,7.57853981633977)
DEBUG:root:capteur -> (-34.42146018366025,7.57853981633977)
DEBUG:root:capteur -> (-34.92146018366025,7.57853981633977)
DEBUG:root:capteur -> (-35.42146018366025,7.57853981633977)
DEBUG:root:capteur -> (-35.92146018366025,7.57853981633977)
DEBUG:root:capteur -> (-36.42146018366025,7.57853981633977)
DEBUG:root:capteur -> (-36.92146018366025,7.57853981633977)
DEBUG:root:capteur -> (-37.42146018366025,7.57853981633977)
DEBUG:root:capteur -> (-37.92146018366025,7.57853981633977)
DEBUG:root:capteur -> (-38.42146018366025,7.57853981633977)
DEBUG:root:capteur -> (-38.92146018366025,7.57853981633977)
DEBUG:root:capteur -> (-39.42146018366025,7.57853981633977)
DEBUG:root:capteur -> (-39.92146018366025,7.57853981633977)
DEBUG:root:capteur -> (-40.42146018366025,7.57853981633977)
DEBUG:root:**** Rien à l'horizon ****
DEBUG:root:8
DEBUG:root:robot pos_x= -34.92146018366025,robot pos_y=7.578539816339772
DEBUG:root:capteur -> (-35.42146018366025,7.578539816339772)
DEBUG:root:capteur -> (-35.92146018366025,7.578539816339772)
DEBUG:root:capteur -> (-36.42146018366025,7.578539816339772)
DEBUG:root:capteur -> (-36.92146018366025,7.578539816339772)
DEBUG:root:capteur -> (-37.42146018366025,7.578539816339772)
DEBUG:root:capteur -> (-37.92146018366025,7.578539816339772)
DEBUG:root:capteur -> (-38.42146018366025,7.578539816339772)
DEBUG:root:capteur -> (-38.92146018366025,7.578539816339772)
DEBUG:root:capteur -> (-39.42146018366025,7.578539816339772)
DEBUG:root:capteur -> (-39.92146018366025,7.578539816339772)
DEBUG:root:capteur -> (-40.42146018366025,7.578539816339772)
DEBUG:root:capteur -> (-40.92146018366025,7.578539816339772)
DEBUG:root:capteur -> (-41.42146018366025,7.578539816339772)
DEBUG:root:capteur -> (-41.92146018366025,7.578539816339772)
DEBUG:root:capteur -> (-42.42146018366025,7.578539816339772)
DEBUG:root:capteur -> (-42.92146018366025,7.578539816339772)
DEBUG:root:**** Rien à l'horizon ****
DEBUG:root:8
DEBUG:root:robot pos_x= -37.42146018366025,robot pos_y=7.578539816339774
DEBUG:root:capteur -> (-37.92146018366025,7.578539816339774)
DEBUG:root:capteur -> (-38.42146018366025,7.578539816339774)
DEBUG:root:capteur -> (-38.92146018366025,7.578539816339774)
DEBUG:root:capteur -> (-39.42146018366025,7.578539816339774)
DEBUG:root:capteur -> (-39.92146018366025,7.578539816339774)
DEBUG:root:capteur -> (-40.42146018366025,7.578539816339774)
DEBUG:root:capteur -> (-40.92146018366025,7.578539816339774)
DEBUG:root:capteur -> (-41.42146018366025,7.578539816339774)
DEBUG:root:capteur -> (-41.92146018366025,7.578539816339774)
DEBUG:root:capteur -> (-42.42146018366025,7.578539816339774)
DEBUG:root:capteur -> (-42.92146018366025,7.578539816339774)
DEBUG:root:capteur -> (-43.42146018366025,7.578539816339774)
DEBUG:root:capteur -> (-43.92146018366025,7.578539816339774)
DEBUG:root:capteur -> (-44.42146018366025,7.578539816339774)
DEBUG:root:capteur -> (-44.92146018366025,7.578539816339774)
DEBUG:root:capteur -> (-45.42146018366025,7.578539816339774)
DEBUG:root:**** Rien à l'horizon ****
DEBUG:root:8
DEBUG:root:robot pos_x= -39.92146018366025,robot pos_y=7.5785398163397755
DEBUG:root:capteur -> (-40.42146018366025,7.5785398163397755)
DEBUG:root:capteur -> (-40.92146018366025,7.5785398163397755)
DEBUG:root:capteur -> (-41.42146018366025,7.5785398163397755)
DEBUG:root:capteur -> (-41.92146018366025,7.5785398163397755)
DEBUG:root:capteur -> (-42.42146018366025,7.5785398163397755)
DEBUG:root:capteur -> (-42.92146018366025,7.5785398163397755)
DEBUG:root:capteur -> (-43.42146018366025,7.5785398163397755)
DEBUG:root:capteur -> (-43.92146018366025,7.5785398163397755)
DEBUG:root:capteur -> (-44.42146018366025,7.5785398163397755)
DEBUG:root:capteur -> (-44.92146018366025,7.5785398163397755)
DEBUG:root:capteur -> (-45.42146018366025,7.5785398163397755)
DEBUG:root:capteur -> (-45.92146018366025,7.5785398163397755)
DEBUG:root:capteur -> (-46.42146018366025,7.5785398163397755)
DEBUG:root:capteur -> (-46.92146018366025,7.5785398163397755)
DEBUG:root:capteur -> (-47.42146018366025,7.5785398163397755)
DEBUG:root:capteur -> (-47.92146018366025,7.5785398163397755)
DEBUG:root:**** Rien à l'horizon ****
DEBUG:root:8
DEBUG:root:robot pos_x= -42.42146018366025,robot pos_y=7.578539816339777
DEBUG:root:capteur -> (-42.92146018366025,7.578539816339777)
DEBUG:root:capteur -> (-43.42146018366025,7.578539816339777)
DEBUG:root:capteur -> (-43.92146018366025,7.578539816339777)
DEBUG:root:capteur -> (-44.42146018366025,7.578539816339777)
DEBUG:root:capteur -> (-44.92146018366025,7.578539816339777)
DEBUG:root:capteur -> (-45.42146018366025,7.578539816339777)
DEBUG:root:capteur -> (-45.92146018366025,7.578539816339777)
DEBUG:root:capteur -> (-46.42146018366025,7.578539816339777)
DEBUG:root:capteur -> (-46.92146018366025,7.578539816339777)
DEBUG:root:capteur -> (-47.42146018366025,7.578539816339777)
DEBUG:root:capteur -> (-47.92146018366025,7.578539816339777)
DEBUG:root:capteur -> (-48.42146018366025,7.578539816339777)
DEBUG:root:capteur -> (-48.92146018366025,7.578539816339777)
DEBUG:root:capteur -> (-49.42146018366025,7.578539816339777)
DEBUG:root:capteur -> (-49.92146018366025,7.578539816339777)
DEBUG:root:capteur -> (-50.42146018366025,7.578539816339777)
DEBUG:root:**** Rien à l'horizon ****
DEBUG:root:8
DEBUG:root:robot pos_x= -44.92146018366025,robot pos_y=7.578539816339779
DEBUG:root:capteur -> (-45.42146018366025,7.578539816339779)
DEBUG:root:capteur -> (-45.92146018366025,7.578539816339779)
DEBUG:root:capteur -> (-46.42146018366025,7.578539816339779)
DEBUG:root:capteur -> (-46.92146018366025,7.578539816339779)
DEBUG:root:capteur -> (-47.42146018366025,7.578539816339779)
DEBUG:root:capteur -> (-47.92146018366025,7.578539816339779)
DEBUG:root:capteur -> (-48.42146018366025,7.578539816339779)
DEBUG:root:capteur -> (-48.92146018366025,7.578539816339779)
DEBUG:root:capteur -> (-49.42146018366025,7.578539816339779)
DEBUG:root:capteur -> (-49.92146018366025,7.578539816339779)
DEBUG:root:capteur -> (-50.42146018366025,7.578539816339779)
DEBUG:root:capteur -> (-50.92146018366025,7.578539816339779)
DEBUG:root:capteur -> (-51.42146018366025,7.578539816339779)
DEBUG:root:capteur -> (-51.92146018366025,7.578539816339779)
DEBUG:root:capteur -> (-52.42146018366025,7.578539816339779)
DEBUG:root:capteur -> (-52.92146018366025,7.578539816339779)
DEBUG:root:**** Rien à l'horizon ****
DEBUG:root:8
DEBUG:root:robot pos_x= -47.42146018366025,robot pos_y=7.578539816339781
DEBUG:root:capteur -> (-47.92146018366025,7.578539816339781)
DEBUG:root:capteur -> (-48.42146018366025,7.578539816339781)
DEBUG:root:capteur -> (-48.92146018366025,7.578539816339781)
DEBUG:root:capteur -> (-49.42146018366025,7.578539816339781)
DEBUG:root:capteur -> (-49.92146018366025,7.578539816339781)
DEBUG:root:capteur -> (-50.42146018366025,7.578539816339781)
DEBUG:root:capteur -> (-50.92146018366025,7.578539816339781)
DEBUG:root:capteur -> (-51.42146018366025,7.578539816339781)
DEBUG:root:capteur -> (-51.92146018366025,7.578539816339781)
DEBUG:root:capteur -> (-52.42146018366025,7.578539816339781)
DEBUG:root:capteur -> (-52.92146018366025,7.578539816339781)
DEBUG:root:capteur -> (-53.42146018366025,7.578539816339781)
DEBUG:root:capteur -> (-53.92146018366025,7.578539816339781)
DEBUG:root:capteur -> (-54.42146018366025,7.578539816339781)
DEBUG:root:capteur -> (-54.92146018366025,7.578539816339781)
DEBUG:root:capteur -> (-55.42146018366025,7.578539816339781)
DEBUG:root:**** Rien à l'horizon ****
DEBUG:root:8
DEBUG:root:robot pos_x= -49.92146018366025,robot pos_y=7.578539816339783
DEBUG:root:capteur -> (-50.42146018366025,7.578539816339783)
DEBUG:root:capteur -> (-50.92146018366025,7.578539816339783)
DEBUG:root:capteur -> (-51.42146018366025,7.578539816339783)
DEBUG:root:capteur -> (-51.92146018366025,7.578539816339783)
DEBUG:root:capteur -> (-52.42146018366025,7.578539816339783)
DEBUG:root:capteur -> (-52.92146018366025,7.578539816339783)
DEBUG:root:capteur -> (-53.42146018366025,7.578539816339783)
DEBUG:root:capteur -> (-53.92146018366025,7.578539816339783)
DEBUG:root:capteur -> (-54.42146018366025,7.578539816339783)
DEBUG:root:capteur -> (-54.92146018366025,7.578539816339783)
DEBUG:root:capteur -> (-55.42146018366025,7.578539816339783)
DEBUG:root:capteur -> (-55.92146018366025,7.578539816339783)
DEBUG:root:capteur -> (-56.42146018366025,7.578539816339783)
DEBUG:root:capteur -> (-56.92146018366025,7.578539816339783)
DEBUG:root:capteur -> (-57.42146018366025,7.578539816339783)
DEBUG:root:capteur -> (-57.92146018366025,7.578539816339783)
DEBUG:root:**** Rien à l'horizon ****
DEBUG:root:8
DEBUG:root:robot pos_x= -52.42146018366025,robot pos_y=7.578539816339784
DEBUG:root:capteur -> (-52.92146018366025,7.578539816339784)
DEBUG:root:capteur -> (-53.42146018366025,7.578539816339784)
DEBUG:root:capteur -> (-53.92146018366025,7.578539816339784)
DEBUG:root:capteur -> (-54.42146018366025,7.578539816339784)
DEBUG:root:capteur -> (-54.92146018366025,7.578539816339784)
DEBUG:root:capteur -> (-55.42146018366025,7.578539816339784)
DEBUG:root:capteur -> (-55.92146018366025,7.578539816339784)
DEBUG:root:capteur -> (-56.42146018366025,7.578539816339784)
DEBUG:root:capteur -> (-56.92146018366025,7.578539816339784)
DEBUG:root:capteur -> (-57.42146018366025,7.578539816339784)
DEBUG:root:capteur -> (-57.92146018366025,7.578539816339784)
DEBUG:root:capteur -> (-58.42146018366025,7.578539816339784)
DEBUG:root:capteur -> (-58.92146018366025,7.578539816339784)
DEBUG:root:capteur -> (-59.42146018366025,7.578539816339784)
DEBUG:root:capteur -> (-59.92146018366025,7.578539816339784)
DEBUG:root:capteur -> (-60.42146018366025,7.578539816339784)
DEBUG:root:**** Rien à l'horizon ****
DEBUG:root:8
DEBUG:root:robot pos_x= -54.92146018366025,robot pos_y=7.578539816339786
DEBUG:root:capteur -> (-55.42146018366025,7.578539816339786)
DEBUG:root:capteur -> (-55.92146018366025,7.578539816339786)
DEBUG:root:capteur -> (-56.42146018366025,7.578539816339786)
DEBUG:root:capteur -> (-56.92146018366025,7.578539816339786)
DEBUG:root:capteur -> (-57.42146018366025,7.578539816339786)
DEBUG:root:capteur -> (-57.92146018366025,7.578539816339786)
DEBUG:root:capteur -> (-58.42146018366025,7.578539816339786)
DEBUG:root:capteur -> (-58.92146018366025,7.578539816339786)
DEBUG:root:capteur -> (-59.42146018366025,7.578539816339786)
DEBUG:root:capteur -> (-59.92146018366025,7.578539816339786)
DEBUG:root:capteur -> (-60.42146018366025,7.578539816339786)
DEBUG:root:capteur -> (-60.92146018366025,7.578539816339786)
DEBUG:root:capteur -> (-61.42146018366025,7.578539816339786)
DEBUG:root:capteur -> (-61.92146018366025,7.578539816339786)
DEBUG:root:capteur -> (-62.42146018366025,7.578539816339786)
DEBUG:root:capteur -> (-62.92146018366025,7.578539816339786)
DEBUG:root:**** Rien à l'horizon ****
DEBUG:root:8
DEBUG:root:robot pos_x= -57.42146018366025,robot pos_y=7.578539816339788
DEBUG:root:capteur -> (-57.92146018366025,7.578539816339788)
DEBUG:root:capteur -> (-58.42146018366025,7.578539816339788)
DEBUG:root:capteur -> (-58.92146018366025,7.578539816339788)
DEBUG:root:capteur -> (-59.42146018366025,7.578539816339788)
DEBUG:root:capteur -> (-59.92146018366025,7.578539816339788)
DEBUG:root:capteur -> (-60.42146018366025,7.578539816339788)
DEBUG:root:capteur -> (-60.92146018366025,7.578539816339788)
DEBUG:root:capteur -> (-61.42146018366025,7.578539816339788)
DEBUG:root:capteur -> (-61.92146018366025,7.578539816339788)
DEBUG:root:capteur -> (-62.42146018366025,7.578539816339788)
DEBUG:root:capteur -> (-62.92146018366025,7.578539816339788)
DEBUG:root:capteur -> (-63.42146018366025,7.578539816339788)
DEBUG:root:capteur -> (-63.92146018366025,7.578539816339788)
DEBUG:root:capteur -> (-64.42146018366026,7.578539816339788)
DEBUG:root:capteur -> (-64.92146018366026,7.578539816339788)
DEBUG:root:capteur -> (-65.42146018366026,7.578539816339788)
DEBUG:root:**** Rien à l'horizon ****
DEBUG:root:8
DEBUG:root:robot pos_x= -59.92146018366025,robot pos_y=7.57853981633979
DEBUG:root:capteur -> (-60.42146018366025,7.57853981633979)
DEBUG:root:capteur -> (-60.92146018366025,7.57853981633979)
DEBUG:root:capteur -> (-61.42146018366025,7.57853981633979)
DEBUG:root:capteur -> (-61.92146018366025,7.57853981633979)
DEBUG:root:capteur -> (-62.42146018366025,7.57853981633979)
DEBUG:root:capteur -> (-62.92146018366025,7.57853981633979)
DEBUG:root:capteur -> (-63.42146018366025,7.57853981633979)
DEBUG:root:capteur -> (-63.92146018366025,7.57853981633979)
DEBUG:root:capteur -> (-64.42146018366026,7.57853981633979)
DEBUG:root:capteur -> (-64.92146018366026,7.57853981633979)
DEBUG:root:capteur -> (-65.42146018366026,7.57853981633979)
DEBUG:root:capteur -> (-65.92146018366026,7.57853981633979)
DEBUG:root:capteur -> (-66.42146018366026,7.57853981633979)
DEBUG:root:capteur -> (-66.92146018366026,7.57853981633979)
DEBUG:root:capteur -> (-67.42146018366026,7.57853981633979)
DEBUG:root:capteur -> (-67.92146018366026,7.57853981633979)
DEBUG:root:**** Rien à l'horizon ****
DEBUG:root:8
DEBUG:root:robot pos_x= -62.42146018366025,robot pos_y=7.5785398163397915
DEBUG:root:capteur -> (-62.92146018366025,7.5785398163397915)
DEBUG:root:capteur -> (-63.42146018366025,7.5785398163397915)
DEBUG:root:capteur -> (-63.92146018366025,7.5785398163397915)
DEBUG:root:capteur -> (-64.42146018366026,7.5785398163397915)
DEBUG:root:capteur -> (-64.92146018366026,7.5785398163397915)
DEBUG:root:capteur -> (-65.42146018366026,7.5785398163397915)
DEBUG:root:capteur -> (-65.92146018366026,7.5785398163397915)
DEBUG:root:capteur -> (-66.42146018366026,7.5785398163397915)
DEBUG:root:capteur -> (-66.92146018366026,7.5785398163397915)
DEBUG:root:capteur -> (-67.42146018366026,7.5785398163397915)
DEBUG:root:capteur -> (-67.92146018366026,7.5785398163397915)
DEBUG:root:capteur -> (-68.42146018366026,7.5785398163397915)
DEBUG:root:capteur -> (-68.92146018366026,7.5785398163397915)
DEBUG:root:capteur -> (-69.42146018366026,7.5785398163397915)
DEBUG:root:capteur -> (-69.92146018366026,7.5785398163397915)
DEBUG:root:capteur -> (-70.42146018366026,7.5785398163397915)
DEBUG:root:**** Rien à l'horizon ****
DEBUG:root:8
DEBUG:root:robot pos_x= -64.92146018366026,robot pos_y=7.578539816339793
DEBUG:root:capteur -> (-65.42146018366026,7.578539816339793)
DEBUG:root:capteur -> (-65.92146018366026,7.578539816339793)
DEBUG:root:capteur -> (-66.42146018366026,7.578539816339793)
DEBUG:root:capteur -> (-66.92146018366026,7.578539816339793)
DEBUG:root:capteur -> (-67.42146018366026,7.578539816339793)
DEBUG:root:capteur -> (-67.92146018366026,7.578539816339793)
DEBUG:root:capteur -> (-68.42146018366026,7.578539816339793)
DEBUG:root:capteur -> (-68.92146018366026,7.578539816339793)
DEBUG:root:capteur -> (-69.42146018366026,7.578539816339793)
DEBUG:root:capteur -> (-69.92146018366026,7.578539816339793)
DEBUG:root:capteur -> (-70.42146018366026,7.578539816339793)
DEBUG:root:capteur -> (-70.92146018366026,7.578539816339793)
DEBUG:root:capteur -> (-71.42146018366026,7.578539816339793)
DEBUG:root:capteur -> (-71.92146018366026,7.578539816339793)
DEBUG:root:capteur -> (-72.42146018366026,7.578539816339793)
DEBUG:root:capteur -> (-72.92146018366026,7.578539816339793)
DEBUG:root:**** Rien à l'horizon ****
DEBUG:root:8
DEBUG:root:robot pos_x= -67.42146018366026,robot pos_y=7.578539816339795
DEBUG:root:capteur -> (-67.92146018366026,7.578539816339795)
DEBUG:root:capteur -> (-68.42146018366026,7.578539816339795)
DEBUG:root:capteur -> (-68.92146018366026,7.578539816339795)
DEBUG:root:capteur -> (-69.42146018366026,7.578539816339795)
DEBUG:root:capteur -> (-69.92146018366026,7.578539816339795)
DEBUG:root:capteur -> (-70.42146018366026,7.578539816339795)
DEBUG:root:capteur -> (-70.92146018366026,7.578539816339795)
DEBUG:root:capteur -> (-71.42146018366026,7.578539816339795)
DEBUG:root:capteur -> (-71.92146018366026,7.578539816339795)
DEBUG:root:capteur -> (-72.42146018366026,7.578539816339795)
DEBUG:root:capteur -> (-72.92146018366026,7.578539816339795)
DEBUG:root:capteur -> (-73.42146018366026,7.578539816339795)
DEBUG:root:capteur -> (-73.92146018366026,7.578539816339795)
DEBUG:root:capteur -> (-74.42146018366026,7.578539816339795)
DEBUG:root:capteur -> (-74.92146018366026,7.578539816339795)
DEBUG:root:capteur -> (-75.42146018366026,7.578539816339795)
DEBUG:root:**** Rien à l'horizon ****
DEBUG:root:8
DEBUG:root:robot pos_x= -69.92146018366026,robot pos_y=7.578539816339797
DEBUG:root:capteur -> (-70.42146018366026,7.578539816339797)
DEBUG:root:capteur -> (-70.92146018366026,7.578539816339797)
DEBUG:root:capteur -> (-71.42146018366026,7.578539816339797)
DEBUG:root:capteur -> (-71.92146018366026,7.578539816339797)
DEBUG:root:capteur -> (-72.42146018366026,7.578539816339797)
DEBUG:root:capteur -> (-72.92146018366026,7.578539816339797)
DEBUG:root:capteur -> (-73.42146018366026,7.578539816339797)
DEBUG:root:capteur -> (-73.92146018366026,7.578539816339797)
DEBUG:root:capteur -> (-74.42146018366026,7.578539816339797)
DEBUG:root:capteur -> (-74.92146018366026,7.578539816339797)
DEBUG:root:capteur -> (-75.42146018366026,7.578539816339797)
DEBUG:root:capteur -> (-75.92146018366026,7.578539816339797)
DEBUG:root:capteur -> (-76.42146018366026,7.578539816339797)
DEBUG:root:capteur -> (-76.92146018366026,7.578539816339797)
DEBUG:root:capteur -> (-77.42146018366026,7.578539816339797)
DEBUG:root:capteur -> (-77.92146018366026,7.578539816339797)
DEBUG:root:**** Rien à l'horizon ****
DEBUG:root:8
DEBUG:root:robot pos_x= -72.42146018366026,robot pos_y=7.578539816339799
DEBUG:root:capteur -> (-72.92146018366026,7.578539816339799)
DEBUG:root:capteur -> (-73.42146018366026,7.578539816339799)
DEBUG:root:capteur -> (-73.92146018366026,7.578539816339799)
DEBUG:root:capteur -> (-74.42146018366026,7.578539816339799)
DEBUG:root:capteur -> (-74.92146018366026,7.578539816339799)
DEBUG:root:capteur -> (-75.42146018366026,7.578539816339799)
DEBUG:root:capteur -> (-75.92146018366026,7.578539816339799)
DEBUG:root:capteur -> (-76.42146018366026,7.578539816339799)
DEBUG:root:capteur -> (-76.92146018366026,7.578539816339799)
DEBUG:root:capteur -> (-77.42146018366026,7.578539816339799)
DEBUG:root:capteur -> (-77.92146018366026,7.578539816339799)
DEBUG:root:capteur -> (-78.42146018366026,7.578539816339799)
DEBUG:root:capteur -> (-78.92146018366026,7.578539816339799)
DEBUG:root:capteur -> (-79.42146018366026,7.578539816339799)
DEBUG:root:capteur -> (-79.92146018366026,7.578539816339799)
DEBUG:root:capteur -> (-80.42146018366026,7.578539816339799)
DEBUG:root:**** Rien à l'horizon ****
DEBUG:root:8
DEBUG:root:robot pos_x= -74.92146018366026,robot pos_y=7.5785398163398
DEBUG:root:capteur -> (-75.42146018366026,7.5785398163398)
DEBUG:root:capteur -> (-75.92146018366026,7.5785398163398)
DEBUG:root:capteur -> (-76.42146018366026,7.5785398163398)
DEBUG:root:capteur -> (-76.92146018366026,7.5785398163398)
DEBUG:root:capteur -> (-77.42146018366026,7.5785398163398)
DEBUG:root:capteur -> (-77.92146018366026,7.5785398163398)
DEBUG:root:capteur -> (-78.42146018366026,7.5785398163398)
DEBUG:root:capteur -> (-78.92146018366026,7.5785398163398)
DEBUG:root:capteur -> (-79.42146018366026,7.5785398163398)
DEBUG:root:capteur -> (-79.92146018366026,7.5785398163398)
DEBUG:root:capteur -> (-80.42146018366026,7.5785398163398)
DEBUG:root:capteur -> (-80.92146018366026,7.5785398163398)
DEBUG:root:capteur -> (-81.42146018366026,7.5785398163398)
DEBUG:root:capteur -> (-81.92146018366026,7.5785398163398)
DEBUG:root:capteur -> (-82.42146018366026,7.5785398163398)
DEBUG:root:capteur -> (-82.92146018366026,7.5785398163398)
DEBUG:root:**** Rien à l'horizon ****
DEBUG:root:8
DEBUG:root:robot pos_x= -77.42146018366026,robot pos_y=7.578539816339802
DEBUG:root:capteur -> (-77.92146018366026,7.578539816339802)
DEBUG:root:capteur -> (-78.42146018366026,7.578539816339802)
DEBUG:root:capteur -> (-78.92146018366026,7.578539816339802)
DEBUG:root:capteur -> (-79.42146018366026,7.578539816339802)
DEBUG:root:capteur -> (-79.92146018366026,7.578539816339802)
DEBUG:root:capteur -> (-80.42146018366026,7.578539816339802)
DEBUG:root:capteur -> (-80.92146018366026,7.578539816339802)
DEBUG:root:capteur -> (-81.42146018366026,7.578539816339802)
DEBUG:root:capteur -> (-81.92146018366026,7.578539816339802)
DEBUG:root:capteur -> (-82.42146018366026,7.578539816339802)
DEBUG:root:capteur -> (-82.92146018366026,7.578539816339802)
DEBUG:root:capteur -> (-83.42146018366026,7.578539816339802)
DEBUG:root:capteur -> (-83.92146018366026,7.578539816339802)
DEBUG:root:capteur -> (-84.42146018366026,7.578539816339802)
DEBUG:root:capteur -> (-84.92146018366026,7.578539816339802)
DEBUG:root:capteur -> (-85.42146018366026,7.578539816339802)
DEBUG:root:**** Rien à l'horizon ****
DEBUG:root:8
DEBUG:root:robot pos_x= -79.92146018366026,robot pos_y=7.578539816339804
DEBUG:root:capteur -> (-80.42146018366026,7.578539816339804)
DEBUG:root:capteur -> (-80.92146018366026,7.578539816339804)
DEBUG:root:capteur -> (-81.42146018366026,7.578539816339804)
DEBUG:root:capteur -> (-81.92146018366026,7.578539816339804)
DEBUG:root:capteur -> (-82.42146018366026,7.578539816339804)
DEBUG:root:capteur -> (-82.92146018366026,7.578539816339804)
DEBUG:root:capteur -> (-83.42146018366026,7.578539816339804)
DEBUG:root:capteur -> (-83.92146018366026,7.578539816339804)
DEBUG:root:capteur -> (-84.42146018366026,7.578539816339804)
DEBUG:root:capteur -> (-84.92146018366026,7.578539816339804)
DEBUG:root:capteur -> (-85.42146018366026,7.578539816339804)
DEBUG:root:capteur -> (-85.92146018366026,7.578539816339804)
DEBUG:root:capteur -> (-86.42146018366026,7.578539816339804)
DEBUG:root:capteur -> (-86.92146018366026,7.578539816339804)
DEBUG:root:capteur -> (-87.42146018366026,7.578539816339804)
DEBUG:root:capteur -> (-87.92146018366026,7.578539816339804)
DEBUG:root:**** Rien à l'horizon ****
DEBUG:root:8
DEBUG:root:robot pos_x= -82.42146018366026,robot pos_y=7.578539816339806
DEBUG:root:capteur -> (-82.92146018366026,7.578539816339806)
DEBUG:root:capteur -> (-83.42146018366026,7.578539816339806)
DEBUG:root:capteur -> (-83.92146018366026,7.578539816339806)
DEBUG:root:capteur -> (-84.42146018366026,7.578539816339806)
DEBUG:root:capteur -> (-84.92146018366026,7.578539816339806)
DEBUG:root:capteur -> (-85.42146018366026,7.578539816339806)
DEBUG:root:capteur -> (-85.92146018366026,7.578539816339806)
DEBUG:root:capteur -> (-86.42146018366026,7.578539816339806)
DEBUG:root:capteur -> (-86.92146018366026,7.578539816339806)
DEBUG:root:capteur -> (-87.42146018366026,7.578539816339806)
DEBUG:root:capteur -> (-87.92146018366026,7.578539816339806)
DEBUG:root:capteur -> (-88.42146018366026,7.578539816339806)
DEBUG:root:capteur -> (-88.92146018366026,7.578539816339806)
DEBUG:root:capteur -> (-89.42146018366026,7.578539816339806)
DEBUG:root:capteur -> (-89.92146018366026,7.578539816339806)
DEBUG:root:capteur -> (-90.42146018366026,7.578539816339806)
DEBUG:root:**** Rien à l'horizon ****
DEBUG:root:8
DEBUG:root:robot pos_x= -84.92146018366026,robot pos_y=7.5785398163398074
DEBUG:root:capteur -> (-85.42146018366026,7.5785398163398074)
DEBUG:root:capteur -> (-85.92146018366026,7.5785398163398074)
DEBUG:root:capteur -> (-86.42146018366026,7.5785398163398074)
DEBUG:root:capteur -> (-86.92146018366026,7.5785398163398074)
DEBUG:root:capteur -> (-87.42146018366026,7.5785398163398074)
DEBUG:root:capteur -> (-87.92146018366026,7.5785398163398074)
DEBUG:root:capteur -> (-88.42146018366026,7.5785398163398074)
DEBUG:root:capteur -> (-88.92146018366026,7.5785398163398074)
DEBUG:root:capteur -> (-89.42146018366026,7.5785398163398074)
DEBUG:root:capteur -> (-89.92146018366026,7.5785398163398074)
DEBUG:root:capteur -> (-90.42146018366026,7.5785398163398074)
DEBUG:root:capteur -> (-90.92146018366026,7.5785398163398074)
DEBUG:root:capteur -> (-91.42146018366026,7.5785398163398074)
DEBUG:root:capteur -> (-91.92146018366026,7.5785398163398074)
DEBUG:root:capteur -> (-92.42146018366026,7.5785398163398074)
DEBUG:root:capteur -> (-92.92146018366026,7.5785398163398074)
DEBUG:root:**** Rien à l'horizon ****
DEBUG:root:8
DEBUG:root:robot pos_x= -87.42146018366026,robot pos_y=7.578539816339809
DEBUG:root:capteur -> (-87.92146018366026,7.578539816339809)
DEBUG:root:capteur -> (-88.42146018366026,7.578539816339809)
DEBUG:root:capteur -> (-88.92146018366026,7.578539816339809)
DEBUG:root:capteur -> (-89.42146018366026,7.578539816339809)
DEBUG:root:capteur -> (-89.92146018366026,7.578539816339809)
DEBUG:root:capteur -> (-90.42146018366026,7.578539816339809)
DEBUG:root:capteur -> (-90.92146018366026,7.578539816339809)
DEBUG:root:capteur -> (-91.42146018366026,7.578539816339809)
DEBUG:root:capteur -> (-91.92146018366026,7.578539816339809)
DEBUG:root:capteur -> (-92.42146018366026,7.578539816339809)
DEBUG:root:capteur -> (-92.92146018366026,7.578539816339809)
DEBUG:root:capteur -> (-93.42146018366026,7.578539816339809)
DEBUG:root:capteur -> (-93.92146018366026,7.578539816339809)
DEBUG:root:capteur -> (-94.42146018366026,7.578539816339809)
DEBUG:root:capteur -> (-94.92146018366026,7.578539816339809)
DEBUG:root:capteur -> (-95.42146018366026,7.578539816339809)
DEBUG:root:**** Rien à l'horizon ****
DEBUG:root:8
DEBUG:root:robot pos_x= -89.92146018366026,robot pos_y=7.578539816339811
DEBUG:root:capteur -> (-90.42146018366026,7.578539816339811)
DEBUG:root:capteur -> (-90.92146018366026,7.578539816339811)
DEBUG:root:capteur -> (-91.42146018366026,7.578539816339811)
DEBUG:root:capteur -> (-91.92146018366026,7.578539816339811)
DEBUG:root:capteur -> (-92.42146018366026,7.578539816339811)
DEBUG:root:capteur -> (-92.92146018366026,7.578539816339811)
DEBUG:root:capteur -> (-93.42146018366026,7.578539816339811)
DEBUG:root:capteur -> (-93.92146018366026,7.578539816339811)
DEBUG:root:capteur -> (-94.42146018366026,7.578539816339811)
DEBUG:root:capteur -> (-94.92146018366026,7.578539816339811)
DEBUG:root:capteur -> (-95.42146018366026,7.578539816339811)
DEBUG:root:capteur -> (-95.92146018366026,7.578539816339811)
DEBUG:root:capteur -> (-96.42146018366026,7.578539816339811)
DEBUG:root:capteur -> (-96.92146018366026,7.578539816339811)
DEBUG:root:capteur -> (-97.42146018366026,7.578539816339811)
DEBUG:root:capteur -> (-97.92146018366026,7.578539816339811)
DEBUG:root:**** Rien à l'horizon ****
DEBUG:root:8
DEBUG:root:robot pos_x= -92.42146018366026,robot pos_y=7.578539816339813
DEBUG:root:capteur -> (-92.92146018366026,7.578539816339813)
DEBUG:root:capteur -> (-93.42146018366026,7.578539816339813)
DEBUG:root:capteur -> (-93.92146018366026,7.578539816339813)
DEBUG:root:capteur -> (-94.42146018366026,7.578539816339813)
DEBUG:root:capteur -> (-94.92146018366026,7.578539816339813)
DEBUG:root:capteur -> (-95.42146018366026,7.578539816339813)
DEBUG:root:capteur -> (-95.92146018366026,7.578539816339813)
DEBUG:root:capteur -> (-96.42146018366026,7.578539816339813)
DEBUG:root:capteur -> (-96.92146018366026,7.578539816339813)
DEBUG:root:capteur -> (-97.42146018366026,7.578539816339813)
DEBUG:root:capteur -> (-97.92146018366026,7.578539816339813)
DEBUG:root:capteur -> (-98.42146018366026,7.578539816339813)
DEBUG:root:capteur -> (-98.92146018366026,7.578539816339813)
DEBUG:root:capteur -> (-99.42146018366026,7.578539816339813)
DEBUG:root:capteur -> (-99.92146018366026,7.578539816339813)
DEBUG:root:capteur -> (-100.42146018366026,7.578539816339813)
DEBUG:root:**** Rien à l'horizon ****
DEBUG:root:8
DEBUG:root:robot pos_x= -94.92146018366026,robot pos_y=7.5785398163398145
DEBUG:root:capteur -> (-95.42146018366026,7.5785398163398145)
DEBUG:root:capteur -> (-95.92146018366026,7.5785398163398145)
DEBUG:root:capteur -> (-96.42146018366026,7.5785398163398145)
DEBUG:root:capteur -> (-96.92146018366026,7.5785398163398145)
DEBUG:root:capteur -> (-97.42146018366026,7.5785398163398145)
DEBUG:root:capteur -> (-97.92146018366026,7.5785398163398145)
DEBUG:root:capteur -> (-98.42146018366026,7.5785398163398145)
DEBUG:root:capteur -> (-98.92146018366026,7.5785398163398145)
DEBUG:root:capteur -> (-99.42146018366026,7.5785398163398145)
DEBUG:root:capteur -> (-99.92146018366026,7.5785398163398145)
DEBUG:root:capteur -> (-100.42146018366026,7.5785398163398145)
DEBUG:root:capteur -> (-100.92146018366026,7.5785398163398145)
DEBUG:root:capteur -> (-101.42146018366026,7.5785398163398145)
DEBUG:root:capteur -> (-101.92146018366026,7.5785398163398145)
DEBUG:root:capteur -> (-102.42146018366026,7.5785398163398145)
DEBUG:root:capteur -> (-102.92146018366026,7.5785398163398145)
DEBUG:root:**** Rien à l'horizon ****
DEBUG:root:8
DEBUG:root:robot pos_x= -97.42146018366026,robot pos_y=7.578539816339816
DEBUG:root:capteur -> (-97.92146018366026,7.578539816339816)
DEBUG:root:capteur -> (-98.42146018366026,7.578539816339816)
DEBUG:root:capteur -> (-98.92146018366026,7.578539816339816)
DEBUG:root:capteur -> (-99.42146018366026,7.578539816339816)
DEBUG:root:capteur -> (-99.92146018366026,7.578539816339816)
DEBUG:root:capteur -> (-100.42146018366026,7.578539816339816)
DEBUG:root:capteur -> (-100.92146018366026,7.578539816339816)
DEBUG:root:capteur -> (-101.42146018366026,7.578539816339816)
DEBUG:root:capteur -> (-101.92146018366026,7.578539816339816)
DEBUG:root:capteur -> (-102.42146018366026,7.578539816339816)
DEBUG:root:capteur -> (-102.92146018366026,7.578539816339816)
DEBUG:root:capteur -> (-103.42146018366026,7.578539816339816)
DEBUG:root:capteur -> (-103.92146018366026,7.578539816339816)
DEBUG:root:capteur -> (-104.42146018366026,7.578539816339816)
DEBUG:root:capteur -> (-104.92146018366026,7.578539816339816)
DEBUG:root:capteur -> (-105.42146018366026,7.578539816339816)
DEBUG:root:**** Rien à l'horizon ****
DEBUG:root:8
DEBUG:root:robot pos_x= -99.92146018366026,robot pos_y=7.578539816339818
DEBUG:root:capteur -> (-100.42146018366026,7.578539816339818)
DEBUG:root:capteur -> (-100.92146018366026,7.578539816339818)
DEBUG:root:capteur -> (-101.42146018366026,7.578539816339818)
DEBUG:root:capteur -> (-101.92146018366026,7.578539816339818)
DEBUG:root:capteur -> (-102.42146018366026,7.578539816339818)
DEBUG:root:capteur -> (-102.92146018366026,7.578539816339818)
DEBUG:root:capteur -> (-103.42146018366026,7.578539816339818)
DEBUG:root:capteur -> (-103.92146018366026,7.578539816339818)
DEBUG:root:capteur -> (-104.42146018366026,7.578539816339818)
DEBUG:root:capteur -> (-104.92146018366026,7.578539816339818)
DEBUG:root:capteur -> (-105.42146018366026,7.578539816339818)
DEBUG:root:capteur -> (-105.92146018366026,7.578539816339818)
DEBUG:root:capteur -> (-106.42146018366026,7.578539816339818)
DEBUG:root:capteur -> (-106.92146018366026,7.578539816339818)
DEBUG:root:capteur -> (-107.42146018366026,7.578539816339818)
DEBUG:root:capteur -> (-107.92146018366026,7.578539816339818)
DEBUG:root:**** Rien à l'horizon ****
DEBUG:root:8
DEBUG:root:robot pos_x= -102.42146018366026,robot pos_y=7.57853981633982
DEBUG:root:capteur -> (-102.92146018366026,7.57853981633982)
DEBUG:root:capteur -> (-103.42146018366026,7.57853981633982)
DEBUG:root:capteur -> (-103.92146018366026,7.57853981633982)
DEBUG:root:capteur -> (-104.42146018366026,7.57853981633982)
DEBUG:root:capteur -> (-104.92146018366026,7.57853981633982)
DEBUG:root:capteur -> (-105.42146018366026,7.57853981633982)
DEBUG:root:capteur -> (-105.92146018366026,7.57853981633982)
DEBUG:root:capteur -> (-106.42146018366026,7.57853981633982)
DEBUG:root:capteur -> (-106.92146018366026,7.57853981633982)
DEBUG:root:capteur -> (-107.42146018366026,7.57853981633982)
DEBUG:root:capteur -> (-107.92146018366026,7.57853981633982)
DEBUG:root:capteur -> (-108.42146018366026,7.57853981633982)
DEBUG:root:capteur -> (-108.92146018366026,7.57853981633982)
DEBUG:root:capteur -> (-109.42146018366026,7.57853981633982)
DEBUG:root:capteur -> (-109.92146018366026,7.57853981633982)
DEBUG:root:capteur -> (-110.42146018366026,7.57853981633982)
DEBUG:root:**** Rien à l'horizon ****
DEBUG:root:8
DEBUG:root:robot pos_x= -104.92146018366026,robot pos_y=7.578539816339822
DEBUG:root:capteur -> (-105.42146018366026,7.578539816339822)
DEBUG:root:capteur -> (-105.92146018366026,7.578539816339822)
DEBUG:root:capteur -> (-106.42146018366026,7.578539816339822)
DEBUG:root:capteur -> (-106.92146018366026,7.578539816339822)
DEBUG:root:capteur -> (-107.42146018366026,7.578539816339822)
DEBUG:root:capteur -> (-107.92146018366026,7.578539816339822)
DEBUG:root:capteur -> (-108.42146018366026,7.578539816339822)
DEBUG:root:capteur -> (-108.92146018366026,7.578539816339822)
DEBUG:root:capteur -> (-109.42146018366026,7.578539816339822)
DEBUG:root:capteur -> (-109.92146018366026,7.578539816339822)
DEBUG:root:capteur -> (-110.42146018366026,7.578539816339822)
DEBUG:root:capteur -> (-110.92146018366026,7.578539816339822)
DEBUG:root:capteur -> (-111.42146018366026,7.578539816339822)
DEBUG:root:capteur -> (-111.92146018366026,7.578539816339822)
DEBUG:root:capteur -> (-112.42146018366026,7.578539816339822)
DEBUG:root:capteur -> (-112.92146018366026,7.578539816339822)
DEBUG:root:**** Rien à l'horizon ****
DEBUG:root:8
DEBUG:root:robot pos_x= -107.42146018366026,robot pos_y=7.578539816339823
DEBUG:root:capteur -> (-107.92146018366026,7.578539816339823)
DEBUG:root:capteur -> (-108.42146018366026,7.578539816339823)
DEBUG:root:capteur -> (-108.92146018366026,7.578539816339823)
DEBUG:root:capteur -> (-109.42146018366026,7.578539816339823)
DEBUG:root:capteur -> (-109.92146018366026,7.578539816339823)
DEBUG:root:capteur -> (-110.42146018366026,7.578539816339823)
DEBUG:root:capteur -> (-110.92146018366026,7.578539816339823)
DEBUG:root:capteur -> (-111.42146018366026,7.578539816339823)
DEBUG:root:capteur -> (-111.92146018366026,7.578539816339823)
DEBUG:root:capteur -> (-112.42146018366026,7.578539816339823)
DEBUG:root:capteur -> (-112.92146018366026,7.578539816339823)
DEBUG:root:capteur -> (-113.42146018366026,7.578539816339823)
DEBUG:root:capteur -> (-113.92146018366026,7.578539816339823)
DEBUG:root:capteur -> (-114.42146018366026,7.578539816339823)
DEBUG:root:capteur -> (-114.92146018366026,7.578539816339823)
DEBUG:root:capteur -> (-115.42146018366026,7.578539816339823)
DEBUG:root:**** Rien à l'horizon ****
DEBUG:root:8
DEBUG:root:robot pos_x= -109.92146018366026,robot pos_y=7.578539816339825
DEBUG:root:capteur -> (-110.42146018366026,7.578539816339825)
DEBUG:root:capteur -> (-110.92146018366026,7.578539816339825)
DEBUG:root:capteur -> (-111.42146018366026,7.578539816339825)
DEBUG:root:capteur -> (-111.92146018366026,7.578539816339825)
DEBUG:root:capteur -> (-112.42146018366026,7.578539816339825)
DEBUG:root:capteur -> (-112.92146018366026,7.578539816339825)
DEBUG:root:capteur -> (-113.42146018366026,7.578539816339825)
DEBUG:root:capteur -> (-113.92146018366026,7.578539816339825)
DEBUG:root:capteur -> (-114.42146018366026,7.578539816339825)
DEBUG:root:capteur -> (-114.92146018366026,7.578539816339825)
DEBUG:root:capteur -> (-115.42146018366026,7.578539816339825)
DEBUG:root:capteur -> (-115.92146018366026,7.578539816339825)
DEBUG:root:capteur -> (-116.42146018366026,7.578539816339825)
DEBUG:root:capteur -> (-116.92146018366026,7.578539816339825)
DEBUG:root:capteur -> (-117.42146018366026,7.578539816339825)
DEBUG:root:capteur -> (-117.92146018366026,7.578539816339825)
DEBUG:root:**** Rien à l'horizon ****
DEBUG:root:8
